#6731 Мешуга 80 Нежить Жрец - legacy_x10
#6732 Ходзиро 80 Эльф крови Жрец - legacy_x10
#6733 Xapakmep 80 Человек Паладин - legacy_x10
#6734 Гюнтэр 80 Человек Воин - legacy_x10
#6735 Floydman 80 Орк Паладин - legacy_x10
#6736 Бананька 80 Эльф крови Чернокнижник - legacy_x10
#6737 Бринхилд 80 Нежить Воин - legacy_x10
#6738 Balu 76 Пандарен(Альянс) Рыцарь смерти - legacy_x10
#6739 Bolen 71 Дворф Охотник - legacy_x10
#6740 Ведьмас 70 Эльф крови Друид - legacy_x10
#6741 Фаррик 67 Таурен Друид - legacy_x10
#6742 Лисиан 56 Вульпера(Орда) Друид - legacy_x10
#6743 Dipytat 34 Человек Воин - legacy_x10
#6744 Ulis 30 Ворген Воин - legacy_x10
#6745 Myrmakk 26 Орк Паладин - legacy_x10
#6746 Alissl 19 Эльф крови Чернокнижник - legacy_x10
#6747 Вод 14 Орк Охотник - legacy_x10
#6748 Chernysh 13 Ворген Чернокнижник - legacy_x10
#6749 Хлун 12 Ночной эльф Охотник - legacy_x10
#6750 Оукб 10 Вульпера(Нейтрал) Маг - legacy_x10
#6751 Deylina 9 Высший эльф Маг - legacy_x10
#6752 Zlod 9 Эльф крови Чернокнижник - legacy_x10
#6753 Сойкка 9 Человек Шаман - legacy_x10
#6754 Ruur 8 Орк Воин - legacy_x10
#6731 Мешуга 80 Нежить Жрец - legacy_x10
#6732 Ходзиро 80 Эльф крови Жрец - legacy_x10
#6733 Xapakmep 80 Человек Паладин - legacy_x10
#6734 Гюнтэр 80 Человек Воин - legacy_x10
#6735 Floydman 80 Орк Паладин - legacy_x10
#6736 Бананька 80 Эльф крови Чернокнижник - legacy_x10
#6737 Бринхилд 80 Нежить Воин - legacy_x10
#6738 Balu 76 Пандарен(Альянс) Рыцарь смерти - legacy_x10
#6739 Bolen 71 Дворф Охотник - legacy_x10
#6740 Ведьмас 70 Эльф крови Друид - legacy_x10
#6741 Фаррик 67 Таурен Друид - legacy_x10
#6742 Лисиан 56 Вульпера(Орда) Друид - legacy_x10
#6743 Dipytat 34 Человек Воин - legacy_x10
#6744 Ulis 30 Ворген Воин - legacy_x10
#6745 Myrmakk 26 Орк Паладин - legacy_x10
#6746 Alissl 19 Эльф крови Чернокнижник - legacy_x10
#6747 Вод 14 Орк Охотник - legacy_x10
#6748 Chernysh 13 Ворген Чернокнижник - legacy_x10
#6749 Хлун 12 Ночной эльф Охотник - legacy_x10
#6750 Оукб 10 Вульпера(Нейтрал) Маг - legacy_x10
#6751 Deylina 9 Высший эльф Маг - legacy_x10
#6752 Zlod 9 Эльф крови Чернокнижник - legacy_x10
#6753 Сойкка 9 Человек Шаман - legacy_x10
#6754 Ruur 8 Орк Воин - legacy_x10
#6731 Мешуга 80 Нежить Жрец - legacy_x10
#6732 Ходзиро 80 Эльф крови Жрец - legacy_x10
#6733 Xapakmep 80 Человек Паладин - legacy_x10
#6734 Гюнтэр 80 Человек Воин - legacy_x10
#6735 Floydman 80 Орк Паладин - legacy_x10
#6736 Бананька 80 Эльф крови Чернокнижник - legacy_x10
#6737 Бринхилд 80 Нежить Воин - legacy_x10
#6738 Balu 76 Пандарен(Альянс) Рыцарь смерти - legacy_x10
#6739 Bolen 71 Дворф Охотник - legacy_x10
#6740 Ведьмас 70 Эльф крови Друид - legacy_x10
#6741 Фаррик 67 Таурен Друид - legacy_x10
#6742 Лисиан 56 Вульпера(Орда) Друид - legacy_x10
#6743 Dipytat 34 Человек Воин - legacy_x10
#6744 Ulis 30 Ворген Воин - legacy_x10
#6745 Myrmakk 26 Орк Паладин - legacy_x10
#6746 Alissl 19 Эльф крови Чернокнижник - legacy_x10
#6747 Вод 14 Орк Охотник - legacy_x10
#6748 Chernysh 13 Ворген Чернокнижник - legacy_x10
#6749 Хлун 12 Ночной эльф Охотник - legacy_x10
#6750 Оукб 10 Вульпера(Нейтрал) Маг - legacy_x10
#6751 Deylina 9 Высший эльф Маг - legacy_x10
#6752 Zlod 9 Эльф крови Чернокнижник - legacy_x10
#6753 Сойкка 9 Человек Шаман - legacy_x10
#6754 Ruur 8 Орк Воин - legacy_x10
#6731 Мешуга 80 Нежить Жрец - legacy_x10
#6732 Ходзиро 80 Эльф крови Жрец - legacy_x10
#6733 Xapakmep 80 Человек Паладин - legacy_x10
#6734 Гюнтэр 80 Человек Воин - legacy_x10
#6735 Floydman 80 Орк Паладин - legacy_x10
#6736 Бананька 80 Эльф крови Чернокнижник - legacy_x10
#6737 Бринхилд 80 Нежить Воин - legacy_x10
#6738 Balu 76 Пандарен(Альянс) Рыцарь смерти - legacy_x10
#6739 Bolen 71 Дворф Охотник - legacy_x10
#6740 Ведьмас 70 Эльф крови Друид - legacy_x10
#6741 Фаррик 67 Таурен Друид - legacy_x10
#6742 Лисиан 56 Вульпера(Орда) Друид - legacy_x10
#6743 Dipytat 34 Человек Воин - legacy_x10
#6744 Ulis 30 Ворген Воин - legacy_x10
#6745 Myrmakk 26 Орк Паладин - legacy_x10
#6746 Alissl 19 Эльф крови Чернокнижник - legacy_x10
#6747 Вод 14 Орк Охотник - legacy_x10
#6748 Chernysh 13 Ворген Чернокнижник - legacy_x10
#6749 Хлун 12 Ночной эльф Охотник - legacy_x10
#6750 Оукб 10 Вульпера(Нейтрал) Маг - legacy_x10
#6751 Deylina 9 Высший эльф Маг - legacy_x10
#6752 Zlod 9 Эльф крови Чернокнижник - legacy_x10
#6753 Сойкка 9 Человек Шаман - legacy_x10
#6754 Ruur 8 Орк Воин - legacy_x10
