#6755 Дка 80 Дреней Рыцарь смерти - legacy_x3
#6756 Дазз 80 Ворген Друид - legacy_x3
#6757 Омикронн 80 Высший эльф Охотник - legacy_x3
#6758 Кармела 44 Человек Охотник - legacy_x3
#6759 Bezymets 43 Тролль Охотник - legacy_x3
#6760 Smallshark 41 Высший эльф Паладин - legacy_x3
#6761 Дедвова 28 Орк Паладин - legacy_x3
#6762 Lakiaki 20 Эльф крови Разбойник - legacy_x3
#6763 Анастезиолог 17 Дворф клана Черного Железа Воин - legacy_x3
#6764 Гипнос 14 Высший эльф Друид - legacy_x3
#6765 Крайден 9 Ворген Маг - legacy_x3
#6766 Графморт 8 Нежить Охотник - legacy_x3
#6767 Arntrak 8 Тролль Разбойник - legacy_x3
#6768 Guzy 1 Гоблин Разбойник - legacy_x3
#6755 Дка 80 Дреней Рыцарь смерти - legacy_x3
#6756 Дазз 80 Ворген Друид - legacy_x3
#6757 Омикронн 80 Высший эльф Охотник - legacy_x3
#6758 Кармела 44 Человек Охотник - legacy_x3
#6759 Bezymets 43 Тролль Охотник - legacy_x3
#6760 Smallshark 41 Высший эльф Паладин - legacy_x3
#6761 Дедвова 28 Орк Паладин - legacy_x3
#6762 Lakiaki 20 Эльф крови Разбойник - legacy_x3
#6763 Анастезиолог 17 Дворф клана Черного Железа Воин - legacy_x3
#6764 Гипнос 14 Высший эльф Друид - legacy_x3
#6765 Крайден 9 Ворген Маг - legacy_x3
#6766 Графморт 8 Нежить Охотник - legacy_x3
#6767 Arntrak 8 Тролль Разбойник - legacy_x3
#6768 Guzy 1 Гоблин Разбойник - legacy_x3
#6755 Дка 80 Дреней Рыцарь смерти - legacy_x3
#6756 Дазз 80 Ворген Друид - legacy_x3
#6757 Омикронн 80 Высший эльф Охотник - legacy_x3
#6758 Кармела 44 Человек Охотник - legacy_x3
#6759 Bezymets 43 Тролль Охотник - legacy_x3
#6760 Smallshark 41 Высший эльф Паладин - legacy_x3
#6761 Дедвова 28 Орк Паладин - legacy_x3
#6762 Lakiaki 20 Эльф крови Разбойник - legacy_x3
#6763 Анастезиолог 17 Дворф клана Черного Железа Воин - legacy_x3
#6764 Гипнос 14 Высший эльф Друид - legacy_x3
#6765 Крайден 9 Ворген Маг - legacy_x3
#6766 Графморт 8 Нежить Охотник - legacy_x3
#6767 Arntrak 8 Тролль Разбойник - legacy_x3
#6768 Guzy 1 Гоблин Разбойник - legacy_x3
#6755 Дка 80 Дреней Рыцарь смерти - legacy_x3
#6756 Дазз 80 Ворген Друид - legacy_x3
#6757 Омикронн 80 Высший эльф Охотник - legacy_x3
#6758 Кармела 44 Человек Охотник - legacy_x3
#6759 Bezymets 43 Тролль Охотник - legacy_x3
#6760 Smallshark 41 Высший эльф Паладин - legacy_x3
#6761 Дедвова 28 Орк Паладин - legacy_x3
#6762 Lakiaki 20 Эльф крови Разбойник - legacy_x3
#6763 Анастезиолог 17 Дворф клана Черного Железа Воин - legacy_x3
#6764 Гипнос 14 Высший эльф Друид - legacy_x3
#6765 Крайден 9 Ворген Маг - legacy_x3
#6766 Графморт 8 Нежить Охотник - legacy_x3
#6767 Arntrak 8 Тролль Разбойник - legacy_x3
#6768 Guzy 1 Гоблин Разбойник - legacy_x3
